[22:02:43] [Client thread/INFO]: Setting user: Player1
[22:02:43] [Client thread/INFO]: (Session ID is token:0:Player1)
[22:02:45] [Client thread/INFO]: LWJGL Version: 2.9.1
[22:02:46] [Client thread/INFO]: Reloading ResourceManager: Default
[22:02:46] [Sound Library Loader/INFO]: Starting up SoundSystem...
[22:02:47] [Thread-6/INFO]: Initializing LWJGL OpenAL
[22:02:47] [Thread-6/INFO]: (The LWJGL binding of OpenAL.  For more information, see http://www.lwjgl.org)
[22:02:47] [Thread-6/INFO]: OpenAL initialized.
[22:02:47] [Sound Library Loader/INFO]: Sound engine started
[22:02:50] [Client thread/INFO]: Created: 512x512 textures-atlas
[22:03:13] [Server thread/INFO]: Starting integrated minecraft server version 1.8
[22:03:13] [Server thread/INFO]: Generating keypair
[22:03:13] [Server thread/INFO]: Preparing start region for level 0
[22:03:14] [Server thread/INFO]: Preparing spawn area: 99%
[22:03:14] [Server thread/INFO]: Changing view distance to 12, from 10
[22:03:14] [Server thread/INFO]: Player1[local:E:81d493b0] logged in with entity id 50 at (566.3000000119209, 65.49064323361056, 645.300000011921)
[22:03:15] [Server thread/INFO]: Player1 joined the game
[22:03:24] [Server thread/INFO]: Saving and pausing game...
[22:03:24] [Server thread/INFO]: Saving chunks for level 'mcpworld'/Overworld
[22:03:24] [Server thread/INFO]: Saving chunks for level 'mcpworld'/Nether
[22:03:24] [Server thread/INFO]: Saving chunks for level 'mcpworld'/The End
