[15:32:35] [Client thread/INFO]: Setting user: Player553
[15:32:35] [Client thread/INFO]: (Session ID is token:0:Player553)
[15:32:38] [Client thread/INFO]: LWJGL Version: 2.9.1
[15:32:39] [Client thread/INFO]: Reloading ResourceManager: Default
[15:32:39] [Sound Library Loader/INFO]: Starting up SoundSystem...
[15:32:39] [Thread-6/INFO]: Initializing LWJGL OpenAL
[15:32:39] [Thread-6/INFO]: (The LWJGL binding of OpenAL.  For more information, see http://www.lwjgl.org)
[15:32:39] [Thread-6/INFO]: OpenAL initialized.
[15:32:39] [Sound Library Loader/INFO]: Sound engine started
[15:32:42] [Client thread/INFO]: Created: 512x512 textures-atlas
[15:32:46] [Server thread/INFO]: Starting integrated minecraft server version 1.8
[15:32:46] [Server thread/INFO]: Generating keypair
[15:32:46] [Server thread/INFO]: Preparing start region for level 0
[15:32:47] [Server thread/INFO]: Preparing spawn area: 89%
[15:32:47] [Server thread/INFO]: Changing view distance to 12, from 10
[15:32:48] [Server thread/INFO]: Player553[local:E:e8e37ad1] logged in with entity id 111 at (308.1017907367392, 65.0, 142.28742462057247)
[15:32:48] [Server thread/INFO]: Player553 joined the game
[15:33:08] [Server thread/INFO]: [Player553: Set own game mode to Creative Mode]
[15:33:08] [Client thread/INFO]: [CHAT] Your game mode has been updated
[15:33:09] [Server thread/INFO]: Player553 has just earned the achievement [Taking Inventory]
[15:33:09] [Client thread/INFO]: [CHAT] Player553 has just earned the achievement [Taking Inventory]
[15:34:21] [Server thread/INFO]: Saving and pausing game...
[15:34:21] [Server thread/INFO]: Saving chunks for level 'mcpworld'/Overworld
[15:34:21] [Server thread/INFO]: Saving chunks for level 'mcpworld'/Nether
[15:34:21] [Server thread/INFO]: Saving chunks for level 'mcpworld'/The End
[15:39:12] [Client thread/INFO]: Stopping!
[15:39:12] [Client thread/INFO]: SoundSystem shutting down...
[15:39:12] [Server thread/INFO]: Stopping server
[15:39:13] [Server thread/INFO]: Saving players
[15:39:13] [Server thread/INFO]: Saving worlds
[15:39:13] [Server thread/INFO]: Saving chunks for level 'mcpworld'/Overworld
[15:39:13] [Server thread/INFO]: Saving chunks for level 'mcpworld'/Nether
[15:39:13] [Server thread/INFO]: Saving chunks for level 'mcpworld'/The End
