[22:32:52] [Client thread/INFO]: Setting user: Player923
[22:32:52] [Client thread/INFO]: (Session ID is token:0:Player923)
[22:32:53] [Client thread/INFO]: LWJGL Version: 2.9.1
[22:32:54] [Client thread/INFO]: Reloading ResourceManager: Default
[22:32:54] [Sound Library Loader/INFO]: Starting up SoundSystem...
[22:32:54] [Thread-6/INFO]: Initializing LWJGL OpenAL
[22:32:54] [Thread-6/INFO]: (The LWJGL binding of OpenAL.  For more information, see http://www.lwjgl.org)
[22:32:54] [Thread-6/INFO]: OpenAL initialized.
[22:32:55] [Sound Library Loader/INFO]: Sound engine started
[22:32:57] [Client thread/INFO]: Created: 512x512 textures-atlas
[22:33:14] [Server thread/INFO]: Starting integrated minecraft server version 1.8
[22:33:14] [Server thread/INFO]: Generating keypair
[22:33:14] [Server thread/INFO]: Preparing start region for level 0
[22:33:15] [Server thread/INFO]: Changing view distance to 12, from 10
[22:33:15] [Server thread/INFO]: Player923[local:E:95e54af4] logged in with entity id 51 at (314.0389874415541, 73.64013316612167, 399.3679017318881)
[22:33:15] [Server thread/INFO]: Player923 joined the game
[22:33:17] [Server thread/INFO]: Saving and pausing game...
[22:33:17] [Server thread/INFO]: Saving chunks for level 'mcpworld'/Overworld
[22:33:17] [Server thread/INFO]: Saving chunks for level 'mcpworld'/Nether
[22:33:17] [Server thread/INFO]: Saving chunks for level 'mcpworld'/The End
[22:33:25] [Server thread/INFO]: Saving and pausing game...
[22:33:25] [Server thread/INFO]: Saving chunks for level 'mcpworld'/Overworld
[22:33:25] [Server thread/INFO]: Saving chunks for level 'mcpworld'/Nether
[22:33:25] [Server thread/INFO]: Saving chunks for level 'mcpworld'/The End
[22:38:32] [Client thread/INFO]: Stopping!
[22:38:32] [Client thread/INFO]: SoundSystem shutting down...
[22:38:32] [Server thread/INFO]: Stopping server
[22:38:32] [Server thread/INFO]: Saving players
[22:38:32] [Server thread/INFO]: Saving worlds
[22:38:32] [Server thread/INFO]: Saving chunks for level 'mcpworld'/Overworld
[22:38:32] [Server thread/INFO]: Saving chunks for level 'mcpworld'/Nether
[22:38:32] [Server thread/INFO]: Saving chunks for level 'mcpworld'/The End
[22:38:32] [Client thread/WARN]: Author: Paul Lamb, www.paulscode.com
